[16:00:03] [Server thread/INFO]: Starting minecraft server version 1.8
[16:00:03] [Server thread/INFO]: Loading properties
[16:00:03] [Server console handler/ERROR]: Exception handling console input
java.io.IOException: Das Handle ist ungültig
	at java.io.FileInputStream.readBytes(Native Method) ~[?:1.8.0_66]
	at java.io.FileInputStream.read(Unknown Source) ~[?:1.8.0_66]
	at java.io.BufferedInputStream.read1(Unknown Source) ~[?:1.8.0_66]
	at java.io.BufferedInputStream.read(Unknown Source) ~[?:1.8.0_66]
	at sun.nio.cs.StreamDecoder.readBytes(Unknown Source) ~[?:1.8.0_66]
	at sun.nio.cs.StreamDecoder.implRead(Unknown Source) ~[?:1.8.0_66]
	at sun.nio.cs.StreamDecoder.read(Unknown Source) ~[?:1.8.0_66]
	at java.io.InputStreamReader.read(Unknown Source) ~[?:1.8.0_66]
	at java.io.BufferedReader.fill(Unknown Source) ~[?:1.8.0_66]
	at java.io.BufferedReader.readLine(Unknown Source) ~[?:1.8.0_66]
	at java.io.BufferedReader.readLine(Unknown Source) ~[?:1.8.0_66]
	at pq.run(SourceFile:80) [minecraft_server.jar:?]
[16:00:03] [Server thread/INFO]: Default game type: SURVIVAL
[16:00:03] [Server thread/INFO]: Generating keypair
[16:00:04] [Server thread/INFO]: Starting Minecraft server on *:25565
[16:00:04] [Server thread/WARN]: Failed to load user banlist: 
java.io.FileNotFoundException: banned-players.json (Das System kann die angegebene Datei nicht finden)
	at java.io.FileInputStream.open0(Native Method) ~[?:1.8.0_66]
	at java.io.FileInputStream.open(Unknown Source) ~[?:1.8.0_66]
	at java.io.FileInputStream.<init>(Unknown Source) ~[?:1.8.0_66]
	at com.google.common.io.Files.newReader(Files.java:86) ~[minecraft_server.jar:?]
	at ss.g(SourceFile:124) ~[minecraft_server.jar:?]
	at pn.z(SourceFile:99) [minecraft_server.jar:?]
	at pn.<init>(SourceFile:25) [minecraft_server.jar:?]
	at po.i(SourceFile:171) [minecraft_server.jar:?]
	at net.minecraft.server.MinecraftServer.run(SourceFile:417) [minecraft_server.jar:?]
	at java.lang.Thread.run(Unknown Source) [?:1.8.0_66]
[16:00:04] [Server thread/WARN]: Failed to load ip banlist: 
java.io.FileNotFoundException: banned-ips.json (Das System kann die angegebene Datei nicht finden)
	at java.io.FileInputStream.open0(Native Method) ~[?:1.8.0_66]
	at java.io.FileInputStream.open(Unknown Source) ~[?:1.8.0_66]
	at java.io.FileInputStream.<init>(Unknown Source) ~[?:1.8.0_66]
	at com.google.common.io.Files.newReader(Files.java:86) ~[minecraft_server.jar:?]
	at ss.g(SourceFile:124) ~[minecraft_server.jar:?]
	at pn.y(SourceFile:91) [minecraft_server.jar:?]
	at pn.<init>(SourceFile:27) [minecraft_server.jar:?]
	at po.i(SourceFile:171) [minecraft_server.jar:?]
	at net.minecraft.server.MinecraftServer.run(SourceFile:417) [minecraft_server.jar:?]
	at java.lang.Thread.run(Unknown Source) [?:1.8.0_66]
[16:00:04] [Server thread/WARN]: Failed to load operators list: 
java.io.FileNotFoundException: ops.json (Das System kann die angegebene Datei nicht finden)
	at java.io.FileInputStream.open0(Native Method) ~[?:1.8.0_66]
	at java.io.FileInputStream.open(Unknown Source) ~[?:1.8.0_66]
	at java.io.FileInputStream.<init>(Unknown Source) ~[?:1.8.0_66]
	at com.google.common.io.Files.newReader(Files.java:86) ~[minecraft_server.jar:?]
	at ss.g(SourceFile:124) ~[minecraft_server.jar:?]
	at pn.A(SourceFile:107) [minecraft_server.jar:?]
	at pn.<init>(SourceFile:29) [minecraft_server.jar:?]
	at po.i(SourceFile:171) [minecraft_server.jar:?]
	at net.minecraft.server.MinecraftServer.run(SourceFile:417) [minecraft_server.jar:?]
	at java.lang.Thread.run(Unknown Source) [?:1.8.0_66]
[16:00:04] [Server thread/WARN]: Failed to load white-list: 
java.io.FileNotFoundException: whitelist.json (Das System kann die angegebene Datei nicht finden)
	at java.io.FileInputStream.open0(Native Method) ~[?:1.8.0_66]
	at java.io.FileInputStream.open(Unknown Source) ~[?:1.8.0_66]
	at java.io.FileInputStream.<init>(Unknown Source) ~[?:1.8.0_66]
	at com.google.common.io.Files.newReader(Files.java:86) ~[minecraft_server.jar:?]
	at ss.g(SourceFile:124) ~[minecraft_server.jar:?]
	at pn.C(SourceFile:123) [minecraft_server.jar:?]
	at pn.<init>(SourceFile:30) [minecraft_server.jar:?]
	at po.i(SourceFile:171) [minecraft_server.jar:?]
	at net.minecraft.server.MinecraftServer.run(SourceFile:417) [minecraft_server.jar:?]
	at java.lang.Thread.run(Unknown Source) [?:1.8.0_66]
[16:00:04] [Server thread/INFO]: Preparing level "world"
[16:00:05] [Server thread/INFO]: Preparing start region for level 0
[16:00:06] [Server thread/INFO]: Preparing spawn area: 5%
[16:00:07] [Server thread/INFO]: Preparing spawn area: 12%
[16:00:08] [Server thread/INFO]: Preparing spawn area: 20%
[16:00:09] [Server thread/INFO]: Preparing spawn area: 29%
[16:00:10] [Server thread/INFO]: Preparing spawn area: 41%
[16:00:11] [Server thread/INFO]: Preparing spawn area: 49%
[16:00:12] [Server thread/INFO]: Preparing spawn area: 59%
[16:00:13] [Server thread/INFO]: Preparing spawn area: 66%
[16:00:14] [Server thread/INFO]: Preparing spawn area: 75%
[16:00:15] [Server thread/INFO]: Preparing spawn area: 86%
[16:00:16] [Server thread/INFO]: Preparing spawn area: 91%
[16:00:17] [Server thread/INFO]: Preparing spawn area: 98%
[16:00:17] [Server thread/INFO]: Done (13.105s)! For help, type "help" or "?"
[16:01:18] [User Authenticator #1/INFO]: UUID of player SirGorgeJones is 7a3f47b8-2da4-445a-bce3-297d87fdee98
[16:01:18] [Server thread/INFO]: SirGorgeJones[/127.0.0.1:51790] logged in with entity id 2064 at (47.5, 64.0, 253.5)
[16:01:18] [Server thread/INFO]: SirGorgeJones joined the game
[16:01:27] [Server thread/INFO]: SirGorgeJones has just earned the achievement [Taking Inventory]
[16:01:56] [Server thread/INFO]: SirGorgeJones lost connection: TranslatableComponent{key='disconnect.genericReason', args=[Internal Exception: java.io.IOException: Eine bestehende Verbindung wurde softwaregesteuert
durch den Hostcomputer abgebrochen], siblings=[], style=Style{hasParent=false, color=null, bold=null, italic=null, underlined=null, obfuscated=null, clickEvent=null, hoverEvent=null, insertion=null}}
[16:01:56] [Server thread/INFO]: SirGorgeJones left the game
[16:02:09] [User Authenticator #2/INFO]: UUID of player SirGorgeJones is 7a3f47b8-2da4-445a-bce3-297d87fdee98
[16:02:09] [Server thread/INFO]: SirGorgeJones[/127.0.0.1:51795] logged in with entity id 3441 at (47.5, 64.0, 253.5)
[16:02:09] [Server thread/INFO]: SirGorgeJones joined the game
[16:02:25] [Server thread/INFO]: SirGorgeJones lost connection: TextComponent{text='Disconnected', siblings=[], style=Style{hasParent=false, color=null, bold=null, italic=null, underlined=null, obfuscated=null, clickEvent=null, hoverEvent=null, insertion=null}}
[16:02:25] [Server thread/INFO]: SirGorgeJones left the game
[16:02:38] [Server thread/INFO]: Opped SirGorgeJones
[16:02:44] [User Authenticator #3/INFO]: UUID of player SirGorgeJones is 7a3f47b8-2da4-445a-bce3-297d87fdee98
[16:02:44] [Server thread/INFO]: SirGorgeJones[/127.0.0.1:51799] logged in with entity id 3779 at (47.5, 64.0, 253.5)
[16:02:44] [Server thread/INFO]: SirGorgeJones joined the game
[16:02:49] [Server thread/INFO]: [SirGorgeJones: Set own game mode to Creative Mode]
[16:03:55] [Server thread/INFO]: SirGorgeJones lost connection: TextComponent{text='Disconnected', siblings=[], style=Style{hasParent=false, color=null, bold=null, italic=null, underlined=null, obfuscated=null, clickEvent=null, hoverEvent=null, insertion=null}}
[16:03:55] [Server thread/INFO]: SirGorgeJones left the game
[16:10:42] [Server thread/INFO]: Stopping the server
[16:10:42] [Server thread/INFO]: Stopping server
[16:10:42] [Server thread/INFO]: Saving players
[16:10:42] [Server thread/INFO]: Saving worlds
[16:10:42] [Server thread/INFO]: Saving chunks for level 'world'/Overworld
[16:10:42] [Server thread/INFO]: Saving chunks for level 'world'/Nether
[16:10:42] [Server thread/INFO]: Saving chunks for level 'world'/The End
[16:10:42] [Server Shutdown Thread/INFO]: Stopping server
